2020-05-12 20:52:27,359 WARN  [org.wso2.am.scenario.test.common.ScenarioTestBase] - Deployment property file not found: null/deployment.properties
2020-05-12 20:52:27,419 INFO  [org.wso2.am.scenario.tests.common.DeploymentInitializerTestCase] - /Users/prasanna/work/apim/product-apim/product-scenarios/scenarios-common/src/test/resources/
2020-05-12 20:52:27,419 INFO  [org.wso2.am.scenario.tests.common.DeploymentInitializerTestCase] - Start deploying Web Apps
2020-05-12 20:52:28,005 INFO  [org.apache.commons.httpclient.HttpMethodDirector] - I/O exception (java.net.ConnectException) caught when processing request: Connection refused (Connection refused)
2020-05-12 20:52:28,005 INFO  [org.apache.commons.httpclient.HttpMethodDirector] - Retrying request
2020-05-12 20:52:28,005 INFO  [org.apache.commons.httpclient.HttpMethodDirector] - I/O exception (java.net.ConnectException) caught when processing request: Connection refused (Connection refused)
2020-05-12 20:52:28,006 INFO  [org.apache.commons.httpclient.HttpMethodDirector] - Retrying request
2020-05-12 20:52:28,006 INFO  [org.apache.commons.httpclient.HttpMethodDirector] - I/O exception (java.net.ConnectException) caught when processing request: Connection refused (Connection refused)
2020-05-12 20:52:28,006 INFO  [org.apache.commons.httpclient.HttpMethodDirector] - Retrying request
2020-05-12 20:52:28,008 INFO  [org.apache.axis2.transport.http.HTTPSender] - Unable to sendViaPost to url[https://localhost:9443/services/AuthenticationAdmin]
java.net.ConnectException: Connection refused (Connection refused)
	at java.net.PlainSocketImpl.socketConnect(Native Method)
	at java.net.AbstractPlainSocketImpl.doConnect(AbstractPlainSocketImpl.java:350)
	at java.net.AbstractPlainSocketImpl.connectToAddress(AbstractPlainSocketImpl.java:206)
	at java.net.AbstractPlainSocketImpl.connect(AbstractPlainSocketImpl.java:188)
	at java.net.SocksSocketImpl.connect(SocksSocketImpl.java:392)
	at java.net.Socket.connect(Socket.java:606)
	at sun.security.ssl.SSLSocketImpl.connect(SSLSocketImpl.java:666)
	at sun.reflect.NativeMethodAccessorImpl.invoke0(Native Method)
	at sun.reflect.NativeMethodAccessorImpl.invoke(NativeMethodAccessorImpl.java:62)
	at sun.reflect.DelegatingMethodAccessorImpl.invoke(DelegatingMethodAccessorImpl.java:43)
	at java.lang.reflect.Method.invoke(Method.java:498)
	at org.apache.commons.httpclient.protocol.ReflectionSocketFactory.createSocket(ReflectionSocketFactory.java:140)
	at org.apache.commons.httpclient.protocol.SSLProtocolSocketFactory.createSocket(SSLProtocolSocketFactory.java:162)
	at org.apache.commons.httpclient.HttpConnection.open(HttpConnection.java:707)
	at org.apache.commons.httpclient.MultiThreadedHttpConnectionManager$HttpConnectionAdapter.open(MultiThreadedHttpConnectionManager.java:1361)
	at org.apache.commons.httpclient.HttpMethodDirector.executeWithRetry(HttpMethodDirector.java:387)
	at org.apache.commons.httpclient.HttpMethodDirector.executeMethod(HttpMethodDirector.java:171)
	at org.apache.commons.httpclient.HttpClient.executeMethod(HttpClient.java:397)
	at org.apache.axis2.transport.http.AbstractHTTPSender.executeMethod(AbstractHTTPSender.java:704)
	at org.apache.axis2.transport.http.HTTPSender.sendViaPost(HTTPSender.java:199)
	at org.apache.axis2.transport.http.HTTPSender.send(HTTPSender.java:81)
	at org.apache.axis2.transport.http.CommonsHTTPTransportSender.writeMessageWithCommons(CommonsHTTPTransportSender.java:459)
	at org.apache.axis2.transport.http.CommonsHTTPTransportSender.invoke(CommonsHTTPTransportSender.java:286)
	at org.apache.axis2.engine.AxisEngine.send(AxisEngine.java:442)
	at org.apache.axis2.description.OutInAxisOperationClient.send(OutInAxisOperation.java:441)
	at org.apache.axis2.description.OutInAxisOperationClient.executeImpl(OutInAxisOperation.java:227)
	at org.apache.axis2.client.OperationClient.execute(OperationClient.java:149)
	at org.wso2.carbon.authenticator.stub.AuthenticationAdminStub.login(AuthenticationAdminStub.java:659)
	at org.wso2.carbon.integration.common.admin.client.AuthenticatorClient.login(AuthenticatorClient.java:59)
	at org.wso2.am.scenario.test.common.ScenarioTestBase.login(ScenarioTestBase.java:204)
	at org.wso2.am.scenario.test.common.ScenarioTestBase.getWebAppAdminClient(ScenarioTestBase.java:191)
	at org.wso2.am.scenario.tests.common.DeploymentInitializerTestCase.deployingWebAPPs(DeploymentInitializerTestCase.java:51)
	at sun.reflect.NativeMethodAccessorImpl.invoke0(Native Method)
	at sun.reflect.NativeMethodAccessorImpl.invoke(NativeMethodAccessorImpl.java:62)
	at sun.reflect.DelegatingMethodAccessorImpl.invoke(DelegatingMethodAccessorImpl.java:43)
	at java.lang.reflect.Method.invoke(Method.java:498)
	at org.testng.internal.MethodInvocationHelper.invokeMethod(MethodInvocationHelper.java:80)
	at org.testng.internal.Invoker.invokeMethod(Invoker.java:673)
	at org.testng.internal.Invoker.invokeTestMethod(Invoker.java:842)
	at org.testng.internal.Invoker.invokeTestMethods(Invoker.java:1166)
	at org.testng.internal.TestMethodWorker.invokeTestMethods(TestMethodWorker.java:125)
	at org.testng.internal.TestMethodWorker.run(TestMethodWorker.java:109)
	at org.testng.TestRunner.runWorkers(TestRunner.java:1178)
	at org.testng.TestRunner.privateRun(TestRunner.java:757)
	at org.testng.TestRunner.run(TestRunner.java:608)
	at org.testng.SuiteRunner.runTest(SuiteRunner.java:334)
	at org.testng.SuiteRunner.runSequentially(SuiteRunner.java:329)
	at org.testng.SuiteRunner.privateRun(SuiteRunner.java:291)
	at org.testng.SuiteRunner.run(SuiteRunner.java:240)
	at org.testng.SuiteRunnerWorker.runSuite(SuiteRunnerWorker.java:52)
	at org.testng.SuiteRunnerWorker.run(SuiteRunnerWorker.java:86)
	at org.testng.TestNG.runSuitesSequentially(TestNG.java:1158)
	at org.testng.TestNG.runSuitesLocally(TestNG.java:1083)
	at org.testng.TestNG.run(TestNG.java:999)
	at org.apache.maven.surefire.testng.TestNGExecutor.run(TestNGExecutor.java:178)
	at org.apache.maven.surefire.testng.TestNGXmlTestSuite.execute(TestNGXmlTestSuite.java:92)
	at org.apache.maven.surefire.testng.TestNGProvider.invoke(TestNGProvider.java:96)
	at sun.reflect.NativeMethodAccessorImpl.invoke0(Native Method)
	at sun.reflect.NativeMethodAccessorImpl.invoke(NativeMethodAccessorImpl.java:62)
	at sun.reflect.DelegatingMethodAccessorImpl.invoke(DelegatingMethodAccessorImpl.java:43)
	at java.lang.reflect.Method.invoke(Method.java:498)
	at org.apache.maven.surefire.util.ReflectionUtils.invokeMethodWithArray(ReflectionUtils.java:189)
	at org.apache.maven.surefire.booter.ProviderFactory$ProviderProxy.invoke(ProviderFactory.java:165)
	at org.apache.maven.surefire.booter.ProviderFactory.invokeProvider(ProviderFactory.java:85)
	at org.apache.maven.surefire.booter.ForkedBooter.runSuitesInProcess(ForkedBooter.java:115)
	at org.apache.maven.surefire.booter.ForkedBooter.main(ForkedBooter.java:75)
2020-05-12 22:46:32,334 WARN  [org.wso2.am.scenario.test.common.ScenarioTestBase] - Deployment property file not found: null/deployment.properties
2020-05-12 22:46:32,411 INFO  [org.wso2.am.scenario.tests.common.DeploymentInitializerTestCase] - /Users/prasanna/work/apim/product-apim/product-scenarios/scenarios-common/src/test/resources/
2020-05-12 22:46:32,411 INFO  [org.wso2.am.scenario.tests.common.DeploymentInitializerTestCase] - Start deploying Web Apps
2020-05-12 22:46:33,367 INFO  [org.wso2.carbon.integration.common.admin.client.AuthenticatorClient] - Login Successful
2020-05-12 22:46:37,692 INFO  [org.wso2.am.integration.test.utils.webapp.WebAppDeploymentUtil] - WEB_APP :APIStatusMonitor found
2020-06-16 14:01:36,975 WARN  [org.wso2.am.scenario.test.common.ScenarioTestBase] - Deployment property file not found: null/deployment.properties
2020-06-16 14:01:36,980 INFO  [org.wso2.am.scenario.test.common.ScenarioTestBase] - BASE_URL>>>>>https://localhost:9443/
2020-06-16 14:01:36,981 INFO  [org.wso2.am.scenario.test.common.ScenarioTestBase] - SERVICE URL>>>https://localhost:9443/services/
2020-06-16 14:01:36,981 INFO  [org.wso2.am.scenario.test.common.ScenarioTestBase] - HOST>>>>>localhost
2020-06-16 14:01:37,052 WARN  [org.wso2.am.scenario.test.common.ScenarioTestBase] - Deployment property file not found: null/deployment.properties
2020-06-16 14:01:37,052 INFO  [org.wso2.am.scenario.test.common.ScenarioTestBase] - BASE_URL>>>>>https://localhost:9443/
2020-06-16 14:01:37,052 INFO  [org.wso2.am.scenario.test.common.ScenarioTestBase] - SERVICE URL>>>https://localhost:9443/services/
2020-06-16 14:01:37,052 INFO  [org.wso2.am.scenario.test.common.ScenarioTestBase] - HOST>>>>>localhost
2020-06-16 14:01:37,053 INFO  [org.wso2.am.scenario.tests.common.DeploymentInitializerTestCase] - /Users/prasanna/temp/product-apim/product-scenarios/scenarios-common/src/test/resources/
2020-06-16 14:01:37,053 INFO  [org.wso2.am.scenario.tests.common.DeploymentInitializerTestCase] - Start deploying Web Apps
2020-06-16 14:01:37,219 WARN  [org.apache.axiom.util.stax.dialect.StAXDialectDetector] - Unable to determine dialect of the StAX implementation at jar:file:/Users/prasanna/Software/maven/repo_3.3.1/org/apache/ws/commons/axiom/wso2/axiom/1.2.11-wso2v16/axiom-1.2.11-wso2v16.jar!/
2020-06-16 14:01:38,063 INFO  [org.wso2.carbon.integration.common.admin.client.AuthenticatorClient] - Login Successful
2020-06-16 14:01:43,321 INFO  [org.wso2.am.integration.test.utils.webapp.WebAppDeploymentUtil] - WEB_APP :APIStatusMonitor found
2020-06-16 14:01:43,379 INFO  [org.wso2.carbon.integration.common.admin.client.AuthenticatorClient] - Login Successful
2020-06-16 14:01:43,379 INFO  [org.wso2.am.integration.test.utils.webapp.WebAppDeploymentUtil] - waiting 90000 millis for Service deployment jaxrs_basic
2020-06-16 14:02:00,091 INFO  [org.wso2.am.integration.test.utils.webapp.WebAppDeploymentUtil] - jaxrs_basic Web Application deployed in 16675 millis
2020-06-16 14:18:25,534 WARN  [org.wso2.am.scenario.test.common.ScenarioTestBase] - Deployment property file not found: null/deployment.properties
2020-06-16 14:18:25,540 INFO  [org.wso2.am.scenario.test.common.ScenarioTestBase] - BASE_URL>>>>>https://localhost:9443/
2020-06-16 14:18:25,540 INFO  [org.wso2.am.scenario.test.common.ScenarioTestBase] - SERVICE URL>>>https://localhost:9443/services/
2020-06-16 14:18:25,540 INFO  [org.wso2.am.scenario.test.common.ScenarioTestBase] - HOST>>>>>localhost
2020-06-16 14:18:25,594 WARN  [org.wso2.am.scenario.test.common.ScenarioTestBase] - Deployment property file not found: null/deployment.properties
2020-06-16 14:18:25,594 INFO  [org.wso2.am.scenario.test.common.ScenarioTestBase] - BASE_URL>>>>>https://localhost:9443/
2020-06-16 14:18:25,594 INFO  [org.wso2.am.scenario.test.common.ScenarioTestBase] - SERVICE URL>>>https://localhost:9443/services/
2020-06-16 14:18:25,594 INFO  [org.wso2.am.scenario.test.common.ScenarioTestBase] - HOST>>>>>localhost
2020-06-16 14:18:25,595 INFO  [org.wso2.am.scenario.tests.common.DeploymentInitializerTestCase] - /Users/prasanna/temp/product-apim/product-scenarios/scenarios-common/src/test/resources/
2020-06-16 14:18:25,595 INFO  [org.wso2.am.scenario.tests.common.DeploymentInitializerTestCase] - Start deploying Web Apps
2020-06-16 14:18:25,716 WARN  [org.apache.axiom.util.stax.dialect.StAXDialectDetector] - Unable to determine dialect of the StAX implementation at jar:file:/Users/prasanna/Software/maven/repo_3.3.1/org/apache/ws/commons/axiom/wso2/axiom/1.2.11-wso2v16/axiom-1.2.11-wso2v16.jar!/
2020-06-16 14:18:26,531 INFO  [org.wso2.carbon.integration.common.admin.client.AuthenticatorClient] - Login Successful
2020-06-16 14:18:34,998 INFO  [org.wso2.am.integration.test.utils.webapp.WebAppDeploymentUtil] - WEB_APP :APIStatusMonitor found
2020-06-16 14:18:35,060 INFO  [org.wso2.carbon.integration.common.admin.client.AuthenticatorClient] - Login Successful
2020-06-16 14:18:35,060 INFO  [org.wso2.am.integration.test.utils.webapp.WebAppDeploymentUtil] - waiting 90000 millis for Service deployment jaxrs_basic
2020-06-16 14:18:51,744 INFO  [org.wso2.am.integration.test.utils.webapp.WebAppDeploymentUtil] - jaxrs_basic Web Application deployed in 16642 millis
2020-06-16 14:35:14,150 WARN  [org.wso2.am.scenario.test.common.ScenarioTestBase] - Deployment property file not found: null/deployment.properties
2020-06-16 14:35:14,155 INFO  [org.wso2.am.scenario.test.common.ScenarioTestBase] - BASE_URL>>>>>https://localhost:9443/
2020-06-16 14:35:14,156 INFO  [org.wso2.am.scenario.test.common.ScenarioTestBase] - SERVICE URL>>>https://localhost:9443/services/
2020-06-16 14:35:14,156 INFO  [org.wso2.am.scenario.test.common.ScenarioTestBase] - HOST>>>>>localhost
2020-06-16 14:35:14,229 WARN  [org.wso2.am.scenario.test.common.ScenarioTestBase] - Deployment property file not found: null/deployment.properties
2020-06-16 14:35:14,229 INFO  [org.wso2.am.scenario.test.common.ScenarioTestBase] - BASE_URL>>>>>https://localhost:9443/
2020-06-16 14:35:14,229 INFO  [org.wso2.am.scenario.test.common.ScenarioTestBase] - SERVICE URL>>>https://localhost:9443/services/
2020-06-16 14:35:14,229 INFO  [org.wso2.am.scenario.test.common.ScenarioTestBase] - HOST>>>>>localhost
2020-06-16 14:35:14,229 INFO  [org.wso2.am.scenario.tests.common.DeploymentInitializerTestCase] - /Users/prasanna/temp/product-apim/product-scenarios/scenarios-common/src/test/resources/
2020-06-16 14:35:14,229 INFO  [org.wso2.am.scenario.tests.common.DeploymentInitializerTestCase] - Start deploying Web Apps
2020-06-16 14:35:14,412 WARN  [org.apache.axiom.util.stax.dialect.StAXDialectDetector] - Unable to determine dialect of the StAX implementation at jar:file:/Users/prasanna/Software/maven/repo_3.3.1/org/apache/ws/commons/axiom/wso2/axiom/1.2.11-wso2v16/axiom-1.2.11-wso2v16.jar!/
2020-06-16 14:35:16,436 INFO  [org.wso2.carbon.integration.common.admin.client.AuthenticatorClient] - Login Successful
2020-06-16 14:35:34,586 INFO  [org.wso2.am.integration.test.utils.webapp.WebAppDeploymentUtil] - WEB_APP :APIStatusMonitor found
2020-06-16 14:35:34,647 INFO  [org.wso2.carbon.integration.common.admin.client.AuthenticatorClient] - Login Successful
2020-06-16 14:35:34,647 INFO  [org.wso2.am.integration.test.utils.webapp.WebAppDeploymentUtil] - waiting 90000 millis for Service deployment jaxrs_basic
2020-06-16 14:35:52,017 INFO  [org.wso2.am.integration.test.utils.webapp.WebAppDeploymentUtil] - jaxrs_basic Web Application deployed in 17320 millis
2020-07-15 15:15:42,998 WARN  [org.wso2.am.scenario.test.common.ScenarioTestBase] - Deployment property file not found: null/deployment.properties
2020-07-15 15:15:43,004 INFO  [org.wso2.am.scenario.test.common.ScenarioTestBase] - BASE_URL>>>>>https://localhost:9443/
2020-07-15 15:15:43,004 INFO  [org.wso2.am.scenario.test.common.ScenarioTestBase] - SERVICE URL>>>https://localhost:9443/services/
2020-07-15 15:15:43,004 INFO  [org.wso2.am.scenario.test.common.ScenarioTestBase] - HOST>>>>>localhost
2020-07-15 15:15:43,057 WARN  [org.wso2.am.scenario.test.common.ScenarioTestBase] - Deployment property file not found: null/deployment.properties
2020-07-15 15:15:43,057 INFO  [org.wso2.am.scenario.test.common.ScenarioTestBase] - BASE_URL>>>>>https://localhost:9443/
2020-07-15 15:15:43,057 INFO  [org.wso2.am.scenario.test.common.ScenarioTestBase] - SERVICE URL>>>https://localhost:9443/services/
2020-07-15 15:15:43,057 INFO  [org.wso2.am.scenario.test.common.ScenarioTestBase] - HOST>>>>>localhost
2020-07-15 15:15:43,057 INFO  [org.wso2.am.scenario.tests.common.DeploymentInitializerTestCase] - /Users/prasanna/temp/product-apim/product-scenarios/scenarios-common/src/test/resources/
2020-07-15 15:15:43,057 INFO  [org.wso2.am.scenario.tests.common.DeploymentInitializerTestCase] - Start deploying Web Apps
2020-07-15 15:15:43,164 WARN  [org.apache.axiom.util.stax.dialect.StAXDialectDetector] - Unable to determine dialect of the StAX implementation at jar:file:/Users/prasanna/Software/maven/repo_3.3.1/org/apache/ws/commons/axiom/wso2/axiom/1.2.11-wso2v16/axiom-1.2.11-wso2v16.jar!/
2020-07-15 15:15:44,127 INFO  [org.wso2.carbon.integration.common.admin.client.AuthenticatorClient] - Login Successful
2021-02-03 15:44:50,550 WARN  [org.wso2.am.scenario.test.common.ScenarioTestBase] - Deployment property file not found: null/deployment.properties
2021-02-03 15:44:50,554 INFO  [org.wso2.am.scenario.test.common.ScenarioTestBase] - BASE_URL>>>>>https://localhost:9443/
2021-02-03 15:44:50,554 INFO  [org.wso2.am.scenario.test.common.ScenarioTestBase] - SERVICE URL>>>https://localhost:9443/services/
2021-02-03 15:44:50,554 INFO  [org.wso2.am.scenario.test.common.ScenarioTestBase] - HOST>>>>>localhost
2021-02-03 15:44:50,603 WARN  [org.wso2.am.scenario.test.common.ScenarioTestBase] - Deployment property file not found: null/deployment.properties
2021-02-03 15:44:50,603 INFO  [org.wso2.am.scenario.test.common.ScenarioTestBase] - BASE_URL>>>>>https://localhost:9443/
2021-02-03 15:44:50,603 INFO  [org.wso2.am.scenario.test.common.ScenarioTestBase] - SERVICE URL>>>https://localhost:9443/services/
2021-02-03 15:44:50,603 INFO  [org.wso2.am.scenario.test.common.ScenarioTestBase] - HOST>>>>>localhost
2021-02-03 15:44:50,603 INFO  [org.wso2.am.scenario.tests.common.DeploymentInitializerTestCase] - /Users/sampath/Documents/Projects/latest/latest/product-apim/product-scenarios/scenarios-common/src/test/resources/
2021-02-03 15:44:50,603 INFO  [org.wso2.am.scenario.tests.common.DeploymentInitializerTestCase] - Start deploying Web Apps
2021-02-03 15:44:50,686 WARN  [org.apache.axiom.util.stax.dialect.StAXDialectDetector] - Unable to determine dialect of the StAX implementation at jar:file:/Users/sampath/.m2/repository/org/apache/ws/commons/axiom/wso2/axiom/1.2.11-wso2v16/axiom-1.2.11-wso2v16.jar!/
2021-02-03 15:44:51,182 INFO  [org.wso2.carbon.integration.common.admin.client.AuthenticatorClient] - Login Successful
2021-02-03 15:51:27,479 WARN  [org.wso2.am.scenario.test.common.ScenarioTestBase] - Deployment property file not found: null/deployment.properties
2021-02-03 15:51:27,483 INFO  [org.wso2.am.scenario.test.common.ScenarioTestBase] - BASE_URL>>>>>https://localhost:9443/
2021-02-03 15:51:27,483 INFO  [org.wso2.am.scenario.test.common.ScenarioTestBase] - SERVICE URL>>>https://localhost:9443/services/
2021-02-03 15:51:27,483 INFO  [org.wso2.am.scenario.test.common.ScenarioTestBase] - HOST>>>>>localhost
2021-02-03 15:51:27,535 WARN  [org.wso2.am.scenario.test.common.ScenarioTestBase] - Deployment property file not found: null/deployment.properties
2021-02-03 15:51:27,535 INFO  [org.wso2.am.scenario.test.common.ScenarioTestBase] - BASE_URL>>>>>https://localhost:9443/
2021-02-03 15:51:27,535 INFO  [org.wso2.am.scenario.test.common.ScenarioTestBase] - SERVICE URL>>>https://localhost:9443/services/
2021-02-03 15:51:27,535 INFO  [org.wso2.am.scenario.test.common.ScenarioTestBase] - HOST>>>>>localhost
2021-02-03 15:51:27,536 INFO  [org.wso2.am.scenario.tests.common.DeploymentInitializerTestCase] - /Users/sampath/Documents/Projects/latest/latest/product-apim/product-scenarios/scenarios-common/src/test/resources/
2021-02-03 15:51:27,536 INFO  [org.wso2.am.scenario.tests.common.DeploymentInitializerTestCase] - Start deploying Web Apps
2021-02-03 15:51:27,647 WARN  [org.apache.axiom.util.stax.dialect.StAXDialectDetector] - Unable to determine dialect of the StAX implementation at jar:file:/Users/sampath/.m2/repository/org/apache/ws/commons/axiom/wso2/axiom/1.2.11-wso2v16/axiom-1.2.11-wso2v16.jar!/
2021-02-03 15:51:28,167 INFO  [org.wso2.carbon.integration.common.admin.client.AuthenticatorClient] - Login Successful
2021-02-03 15:51:32,744 INFO  [org.wso2.am.integration.test.utils.webapp.WebAppDeploymentUtil] - WEB_APP :APIStatusMonitor found
2021-02-03 15:51:32,784 INFO  [org.wso2.carbon.integration.common.admin.client.AuthenticatorClient] - Login Successful
2021-02-03 15:51:32,784 INFO  [org.wso2.am.integration.test.utils.webapp.WebAppDeploymentUtil] - waiting 90000 millis for Service deployment jaxrs_basic
2021-02-03 15:51:49,995 INFO  [org.wso2.am.integration.test.utils.webapp.WebAppDeploymentUtil] - jaxrs_basic Web Application deployed in 17179 millis
2021-02-03 17:02:51,369 WARN  [org.wso2.am.scenario.test.common.ScenarioTestBase] - Deployment property file not found: null/deployment.properties
2021-02-03 17:02:51,375 INFO  [org.wso2.am.scenario.test.common.ScenarioTestBase] - BASE_URL>>>>>https://localhost:9443/
2021-02-03 17:02:51,375 INFO  [org.wso2.am.scenario.test.common.ScenarioTestBase] - SERVICE URL>>>https://localhost:9443/services/
2021-02-03 17:02:51,375 INFO  [org.wso2.am.scenario.test.common.ScenarioTestBase] - HOST>>>>>localhost
2021-02-03 17:02:51,424 WARN  [org.wso2.am.scenario.test.common.ScenarioTestBase] - Deployment property file not found: null/deployment.properties
2021-02-03 17:02:51,424 INFO  [org.wso2.am.scenario.test.common.ScenarioTestBase] - BASE_URL>>>>>https://localhost:9443/
2021-02-03 17:02:51,424 INFO  [org.wso2.am.scenario.test.common.ScenarioTestBase] - SERVICE URL>>>https://localhost:9443/services/
2021-02-03 17:02:51,424 INFO  [org.wso2.am.scenario.test.common.ScenarioTestBase] - HOST>>>>>localhost
2021-02-03 17:02:51,424 INFO  [org.wso2.am.scenario.tests.common.DeploymentInitializerTestCase] - /Users/sampath/Documents/Projects/latest/latest/product-apim/product-scenarios/scenarios-common/src/test/resources/
2021-02-03 17:02:51,424 INFO  [org.wso2.am.scenario.tests.common.DeploymentInitializerTestCase] - Start deploying Web Apps
2021-02-03 17:02:51,516 WARN  [org.apache.axiom.util.stax.dialect.StAXDialectDetector] - Unable to determine dialect of the StAX implementation at jar:file:/Users/sampath/.m2/repository/org/apache/ws/commons/axiom/wso2/axiom/1.2.11-wso2v16/axiom-1.2.11-wso2v16.jar!/
2021-02-03 17:02:52,224 INFO  [org.wso2.carbon.integration.common.admin.client.AuthenticatorClient] - Login Successful
2021-02-03 17:06:31,637 WARN  [org.wso2.am.scenario.test.common.ScenarioTestBase] - Deployment property file not found: null/deployment.properties
2021-02-03 17:06:31,642 INFO  [org.wso2.am.scenario.test.common.ScenarioTestBase] - BASE_URL>>>>>https://localhost:9443/
2021-02-03 17:06:31,642 INFO  [org.wso2.am.scenario.test.common.ScenarioTestBase] - SERVICE URL>>>https://localhost:9443/services/
2021-02-03 17:06:31,642 INFO  [org.wso2.am.scenario.test.common.ScenarioTestBase] - HOST>>>>>localhost
2021-02-03 17:06:31,692 WARN  [org.wso2.am.scenario.test.common.ScenarioTestBase] - Deployment property file not found: null/deployment.properties
2021-02-03 17:06:31,692 INFO  [org.wso2.am.scenario.test.common.ScenarioTestBase] - BASE_URL>>>>>https://localhost:9443/
2021-02-03 17:06:31,693 INFO  [org.wso2.am.scenario.test.common.ScenarioTestBase] - SERVICE URL>>>https://localhost:9443/services/
2021-02-03 17:06:31,693 INFO  [org.wso2.am.scenario.test.common.ScenarioTestBase] - HOST>>>>>localhost
2021-02-03 17:06:31,693 INFO  [org.wso2.am.scenario.tests.common.DeploymentInitializerTestCase] - /Users/sampath/Documents/Projects/latest/latest/product-apim/product-scenarios/scenarios-common/src/test/resources/
2021-02-03 17:06:31,693 INFO  [org.wso2.am.scenario.tests.common.DeploymentInitializerTestCase] - Start deploying Web Apps
2021-02-03 17:06:31,805 WARN  [org.apache.axiom.util.stax.dialect.StAXDialectDetector] - Unable to determine dialect of the StAX implementation at jar:file:/Users/sampath/.m2/repository/org/apache/ws/commons/axiom/wso2/axiom/1.2.11-wso2v16/axiom-1.2.11-wso2v16.jar!/
2021-02-03 17:06:32,414 INFO  [org.wso2.carbon.integration.common.admin.client.AuthenticatorClient] - Login Successful
2021-02-03 17:06:45,754 INFO  [org.wso2.am.integration.test.utils.webapp.WebAppDeploymentUtil] - WEB_APP :APIStatusMonitor found
2021-02-03 17:06:45,852 INFO  [org.wso2.carbon.integration.common.admin.client.AuthenticatorClient] - Login Successful
2021-02-03 17:06:45,852 INFO  [org.wso2.am.integration.test.utils.webapp.WebAppDeploymentUtil] - waiting 90000 millis for Service deployment jaxrs_basic
2021-02-03 17:07:03,553 INFO  [org.wso2.am.integration.test.utils.webapp.WebAppDeploymentUtil] - jaxrs_basic Web Application deployed in 17657 millis
2021-02-03 17:36:36,956 WARN  [org.wso2.am.scenario.test.common.ScenarioTestBase] - Deployment property file not found: null/deployment.properties
2021-02-03 17:36:36,960 INFO  [org.wso2.am.scenario.test.common.ScenarioTestBase] - BASE_URL>>>>>https://localhost:9443/
2021-02-03 17:36:36,960 INFO  [org.wso2.am.scenario.test.common.ScenarioTestBase] - SERVICE URL>>>https://localhost:9443/services/
2021-02-03 17:36:36,961 INFO  [org.wso2.am.scenario.test.common.ScenarioTestBase] - HOST>>>>>localhost
2021-02-03 17:36:37,013 WARN  [org.wso2.am.scenario.test.common.ScenarioTestBase] - Deployment property file not found: null/deployment.properties
2021-02-03 17:36:37,013 INFO  [org.wso2.am.scenario.test.common.ScenarioTestBase] - BASE_URL>>>>>https://localhost:9443/
2021-02-03 17:36:37,013 INFO  [org.wso2.am.scenario.test.common.ScenarioTestBase] - SERVICE URL>>>https://localhost:9443/services/
2021-02-03 17:36:37,013 INFO  [org.wso2.am.scenario.test.common.ScenarioTestBase] - HOST>>>>>localhost
2021-02-03 17:36:37,013 INFO  [org.wso2.am.scenario.tests.common.DeploymentInitializerTestCase] - /Users/sampath/Documents/Projects/latest/latest/product-apim/product-scenarios/scenarios-common/src/test/resources/
2021-02-03 17:36:37,013 INFO  [org.wso2.am.scenario.tests.common.DeploymentInitializerTestCase] - Start deploying Web Apps
2021-02-03 17:36:37,126 WARN  [org.apache.axiom.util.stax.dialect.StAXDialectDetector] - Unable to determine dialect of the StAX implementation at jar:file:/Users/sampath/.m2/repository/org/apache/ws/commons/axiom/wso2/axiom/1.2.11-wso2v16/axiom-1.2.11-wso2v16.jar!/
2021-02-03 17:36:37,779 INFO  [org.wso2.carbon.integration.common.admin.client.AuthenticatorClient] - Login Successful
2021-02-03 17:36:42,016 INFO  [org.wso2.am.integration.test.utils.webapp.WebAppDeploymentUtil] - WEB_APP :APIStatusMonitor found
2021-02-03 17:36:42,061 INFO  [org.wso2.carbon.integration.common.admin.client.AuthenticatorClient] - Login Successful
2021-02-03 17:36:42,062 INFO  [org.wso2.am.integration.test.utils.webapp.WebAppDeploymentUtil] - waiting 90000 millis for Service deployment jaxrs_basic
2021-02-03 17:36:58,588 INFO  [org.wso2.am.integration.test.utils.webapp.WebAppDeploymentUtil] - jaxrs_basic Web Application deployed in 16496 millis
2021-02-03 17:38:23,216 WARN  [org.wso2.am.scenario.test.common.ScenarioTestBase] - Deployment property file not found: null/deployment.properties
2021-02-03 17:38:23,224 INFO  [org.wso2.am.scenario.test.common.ScenarioTestBase] - BASE_URL>>>>>https://localhost:9443/
2021-02-03 17:38:23,224 INFO  [org.wso2.am.scenario.test.common.ScenarioTestBase] - SERVICE URL>>>https://localhost:9443/services/
2021-02-03 17:38:23,225 INFO  [org.wso2.am.scenario.test.common.ScenarioTestBase] - HOST>>>>>localhost
2021-02-03 17:38:23,307 WARN  [org.wso2.am.scenario.test.common.ScenarioTestBase] - Deployment property file not found: null/deployment.properties
2021-02-03 17:38:23,307 INFO  [org.wso2.am.scenario.test.common.ScenarioTestBase] - BASE_URL>>>>>https://localhost:9443/
2021-02-03 17:38:23,307 INFO  [org.wso2.am.scenario.test.common.ScenarioTestBase] - SERVICE URL>>>https://localhost:9443/services/
2021-02-03 17:38:23,307 INFO  [org.wso2.am.scenario.test.common.ScenarioTestBase] - HOST>>>>>localhost
2021-02-03 17:38:23,308 INFO  [org.wso2.am.scenario.tests.common.DeploymentInitializerTestCase] - /Users/sampath/Documents/Projects/latest/latest/product-apim/product-scenarios/scenarios-common/src/test/resources/
2021-02-03 17:38:23,308 INFO  [org.wso2.am.scenario.tests.common.DeploymentInitializerTestCase] - Start deploying Web Apps
2021-02-03 17:38:23,429 WARN  [org.apache.axiom.util.stax.dialect.StAXDialectDetector] - Unable to determine dialect of the StAX implementation at jar:file:/Users/sampath/.m2/repository/org/apache/ws/commons/axiom/wso2/axiom/1.2.11-wso2v16/axiom-1.2.11-wso2v16.jar!/
2021-02-03 17:38:24,333 INFO  [org.wso2.carbon.integration.common.admin.client.AuthenticatorClient] - Login Successful
2021-02-03 17:38:24,467 INFO  [org.wso2.am.integration.test.utils.webapp.WebAppDeploymentUtil] - WEB_APP :APIStatusMonitor found
2021-02-03 17:38:24,502 INFO  [org.wso2.carbon.integration.common.admin.client.AuthenticatorClient] - Login Successful
2021-02-03 17:38:24,502 INFO  [org.wso2.am.integration.test.utils.webapp.WebAppDeploymentUtil] - waiting 90000 millis for Service deployment jaxrs_basic
2021-02-03 17:38:24,592 INFO  [org.wso2.am.integration.test.utils.webapp.WebAppDeploymentUtil] - jaxrs_basic Web Application deployed in 0 millis
2021-02-03 17:45:43,215 WARN  [org.wso2.am.scenario.test.common.ScenarioTestBase] - Deployment property file not found: null/deployment.properties
2021-02-03 17:45:43,219 INFO  [org.wso2.am.scenario.test.common.ScenarioTestBase] - BASE_URL>>>>>https://localhost:9443/
2021-02-03 17:45:43,219 INFO  [org.wso2.am.scenario.test.common.ScenarioTestBase] - SERVICE URL>>>https://localhost:9443/services/
2021-02-03 17:45:43,219 INFO  [org.wso2.am.scenario.test.common.ScenarioTestBase] - HOST>>>>>localhost
2021-02-03 17:45:43,272 WARN  [org.wso2.am.scenario.test.common.ScenarioTestBase] - Deployment property file not found: null/deployment.properties
2021-02-03 17:45:43,272 INFO  [org.wso2.am.scenario.test.common.ScenarioTestBase] - BASE_URL>>>>>https://localhost:9443/
2021-02-03 17:45:43,272 INFO  [org.wso2.am.scenario.test.common.ScenarioTestBase] - SERVICE URL>>>https://localhost:9443/services/
2021-02-03 17:45:43,272 INFO  [org.wso2.am.scenario.test.common.ScenarioTestBase] - HOST>>>>>localhost
2021-02-03 17:45:43,272 INFO  [org.wso2.am.scenario.tests.common.DeploymentInitializerTestCase] - /Users/sampath/Documents/Projects/latest/latest/product-apim/product-scenarios/scenarios-common/src/test/resources/
2021-02-03 17:45:43,272 INFO  [org.wso2.am.scenario.tests.common.DeploymentInitializerTestCase] - Start deploying Web Apps
2021-02-03 17:45:43,390 WARN  [org.apache.axiom.util.stax.dialect.StAXDialectDetector] - Unable to determine dialect of the StAX implementation at jar:file:/Users/sampath/.m2/repository/org/apache/ws/commons/axiom/wso2/axiom/1.2.11-wso2v16/axiom-1.2.11-wso2v16.jar!/
2021-02-03 17:45:44,025 INFO  [org.wso2.carbon.integration.common.admin.client.AuthenticatorClient] - Login Successful
2021-02-03 17:45:44,298 INFO  [org.wso2.am.integration.test.utils.webapp.WebAppDeploymentUtil] - WEB_APP :APIStatusMonitor found
2021-02-03 17:45:44,321 INFO  [org.wso2.carbon.integration.common.admin.client.AuthenticatorClient] - Login Successful
2021-02-03 17:45:44,321 INFO  [org.wso2.am.integration.test.utils.webapp.WebAppDeploymentUtil] - waiting 90000 millis for Service deployment jaxrs_basic
2021-02-03 17:45:44,372 INFO  [org.wso2.am.integration.test.utils.webapp.WebAppDeploymentUtil] - jaxrs_basic Web Application deployed in 0 millis
2021-02-03 18:18:24,608 WARN  [org.wso2.am.scenario.test.common.ScenarioTestBase] - Deployment property file not found: null/deployment.properties
2021-02-03 18:18:24,613 INFO  [org.wso2.am.scenario.test.common.ScenarioTestBase] - BASE_URL>>>>>https://localhost:9443/
2021-02-03 18:18:24,613 INFO  [org.wso2.am.scenario.test.common.ScenarioTestBase] - SERVICE URL>>>https://localhost:9443/services/
2021-02-03 18:18:24,614 INFO  [org.wso2.am.scenario.test.common.ScenarioTestBase] - HOST>>>>>localhost
2021-02-03 18:18:24,672 WARN  [org.wso2.am.scenario.test.common.ScenarioTestBase] - Deployment property file not found: null/deployment.properties
2021-02-03 18:18:24,672 INFO  [org.wso2.am.scenario.test.common.ScenarioTestBase] - BASE_URL>>>>>https://localhost:9443/
2021-02-03 18:18:24,672 INFO  [org.wso2.am.scenario.test.common.ScenarioTestBase] - SERVICE URL>>>https://localhost:9443/services/
2021-02-03 18:18:24,672 INFO  [org.wso2.am.scenario.test.common.ScenarioTestBase] - HOST>>>>>localhost
2021-02-03 18:18:24,672 INFO  [org.wso2.am.scenario.tests.common.DeploymentInitializerTestCase] - /Users/sampath/Documents/Projects/latest/latest/product-apim/product-scenarios/scenarios-common/src/test/resources/
2021-02-03 18:18:24,672 INFO  [org.wso2.am.scenario.tests.common.DeploymentInitializerTestCase] - Start deploying Web Apps
2021-02-03 18:18:24,791 WARN  [org.apache.axiom.util.stax.dialect.StAXDialectDetector] - Unable to determine dialect of the StAX implementation at jar:file:/Users/sampath/.m2/repository/org/apache/ws/commons/axiom/wso2/axiom/1.2.11-wso2v16/axiom-1.2.11-wso2v16.jar!/
2021-02-03 18:18:25,401 INFO  [org.wso2.carbon.integration.common.admin.client.AuthenticatorClient] - Login Successful
2021-02-03 18:18:46,843 INFO  [org.wso2.am.integration.test.utils.webapp.WebAppDeploymentUtil] - WEB_APP :APIStatusMonitor found
2021-02-03 18:18:46,877 INFO  [org.wso2.carbon.integration.common.admin.client.AuthenticatorClient] - Login Successful
2021-02-03 18:18:46,877 INFO  [org.wso2.am.integration.test.utils.webapp.WebAppDeploymentUtil] - waiting 90000 millis for Service deployment jaxrs_basic
2021-02-03 18:19:03,436 INFO  [org.wso2.am.integration.test.utils.webapp.WebAppDeploymentUtil] - jaxrs_basic Web Application deployed in 16530 millis
2021-02-03 18:28:05,836 WARN  [org.wso2.am.scenario.test.common.ScenarioTestBase] - Deployment property file not found: null/deployment.properties
2021-02-03 18:28:05,841 INFO  [org.wso2.am.scenario.test.common.ScenarioTestBase] - BASE_URL>>>>>https://localhost:9443/
2021-02-03 18:28:05,841 INFO  [org.wso2.am.scenario.test.common.ScenarioTestBase] - SERVICE URL>>>https://localhost:9443/services/
2021-02-03 18:28:05,841 INFO  [org.wso2.am.scenario.test.common.ScenarioTestBase] - HOST>>>>>localhost
2021-02-03 18:28:05,892 WARN  [org.wso2.am.scenario.test.common.ScenarioTestBase] - Deployment property file not found: null/deployment.properties
2021-02-03 18:28:05,892 INFO  [org.wso2.am.scenario.test.common.ScenarioTestBase] - BASE_URL>>>>>https://localhost:9443/
2021-02-03 18:28:05,892 INFO  [org.wso2.am.scenario.test.common.ScenarioTestBase] - SERVICE URL>>>https://localhost:9443/services/
2021-02-03 18:28:05,892 INFO  [org.wso2.am.scenario.test.common.ScenarioTestBase] - HOST>>>>>localhost
2021-02-03 18:28:05,892 INFO  [org.wso2.am.scenario.tests.common.DeploymentInitializerTestCase] - /Users/sampath/Documents/Projects/latest/latest/product-apim/product-scenarios/scenarios-common/src/test/resources/
2021-02-03 18:28:05,892 INFO  [org.wso2.am.scenario.tests.common.DeploymentInitializerTestCase] - Start deploying Web Apps
2021-02-03 18:28:05,970 WARN  [org.apache.axiom.util.stax.dialect.StAXDialectDetector] - Unable to determine dialect of the StAX implementation at jar:file:/Users/sampath/.m2/repository/org/apache/ws/commons/axiom/wso2/axiom/1.2.11-wso2v16/axiom-1.2.11-wso2v16.jar!/
2021-02-03 18:28:06,597 INFO  [org.wso2.carbon.integration.common.admin.client.AuthenticatorClient] - Login Successful
2021-02-03 18:28:06,719 INFO  [org.wso2.am.integration.test.utils.webapp.WebAppDeploymentUtil] - WEB_APP :APIStatusMonitor found
2021-02-03 18:28:06,759 INFO  [org.wso2.carbon.integration.common.admin.client.AuthenticatorClient] - Login Successful
2021-02-03 18:28:06,759 INFO  [org.wso2.am.integration.test.utils.webapp.WebAppDeploymentUtil] - waiting 90000 millis for Service deployment jaxrs_basic
2021-02-03 18:28:06,844 INFO  [org.wso2.am.integration.test.utils.webapp.WebAppDeploymentUtil] - jaxrs_basic Web Application deployed in 0 millis
2021-02-03 18:40:25,104 WARN  [org.wso2.am.scenario.test.common.ScenarioTestBase] - Deployment property file not found: null/deployment.properties
2021-02-03 18:40:25,109 INFO  [org.wso2.am.scenario.test.common.ScenarioTestBase] - BASE_URL>>>>>https://localhost:9443/
2021-02-03 18:40:25,109 INFO  [org.wso2.am.scenario.test.common.ScenarioTestBase] - SERVICE URL>>>https://localhost:9443/services/
2021-02-03 18:40:25,109 INFO  [org.wso2.am.scenario.test.common.ScenarioTestBase] - HOST>>>>>localhost
2021-02-03 18:40:25,162 WARN  [org.wso2.am.scenario.test.common.ScenarioTestBase] - Deployment property file not found: null/deployment.properties
2021-02-03 18:40:25,162 INFO  [org.wso2.am.scenario.test.common.ScenarioTestBase] - BASE_URL>>>>>https://localhost:9443/
2021-02-03 18:40:25,162 INFO  [org.wso2.am.scenario.test.common.ScenarioTestBase] - SERVICE URL>>>https://localhost:9443/services/
2021-02-03 18:40:25,162 INFO  [org.wso2.am.scenario.test.common.ScenarioTestBase] - HOST>>>>>localhost
2021-02-03 18:40:25,162 INFO  [org.wso2.am.scenario.tests.common.DeploymentInitializerTestCase] - /Users/sampath/Documents/Projects/latest/latest/product-apim/product-scenarios/scenarios-common/src/test/resources/
2021-02-03 18:40:25,162 INFO  [org.wso2.am.scenario.tests.common.DeploymentInitializerTestCase] - Start deploying Web Apps
2021-02-03 18:40:25,264 WARN  [org.apache.axiom.util.stax.dialect.StAXDialectDetector] - Unable to determine dialect of the StAX implementation at jar:file:/Users/sampath/.m2/repository/org/apache/ws/commons/axiom/wso2/axiom/1.2.11-wso2v16/axiom-1.2.11-wso2v16.jar!/
2021-02-03 18:40:25,937 INFO  [org.wso2.carbon.integration.common.admin.client.AuthenticatorClient] - Login Successful
2021-02-03 18:40:27,264 INFO  [org.wso2.am.integration.test.utils.webapp.WebAppDeploymentUtil] - WEB_APP :APIStatusMonitor found
2021-02-03 18:40:27,295 INFO  [org.wso2.carbon.integration.common.admin.client.AuthenticatorClient] - Login Successful
2021-02-03 18:40:27,295 INFO  [org.wso2.am.integration.test.utils.webapp.WebAppDeploymentUtil] - waiting 90000 millis for Service deployment jaxrs_basic
2021-02-03 18:40:27,363 INFO  [org.wso2.am.integration.test.utils.webapp.WebAppDeploymentUtil] - jaxrs_basic Web Application deployed in 0 millis
2021-02-03 18:47:13,380 WARN  [org.wso2.am.scenario.test.common.ScenarioTestBase] - Deployment property file not found: null/deployment.properties
2021-02-03 18:47:13,384 INFO  [org.wso2.am.scenario.test.common.ScenarioTestBase] - BASE_URL>>>>>https://localhost:9443/
2021-02-03 18:47:13,384 INFO  [org.wso2.am.scenario.test.common.ScenarioTestBase] - SERVICE URL>>>https://localhost:9443/services/
2021-02-03 18:47:13,384 INFO  [org.wso2.am.scenario.test.common.ScenarioTestBase] - HOST>>>>>localhost
2021-02-03 18:47:13,430 WARN  [org.wso2.am.scenario.test.common.ScenarioTestBase] - Deployment property file not found: null/deployment.properties
2021-02-03 18:47:13,430 INFO  [org.wso2.am.scenario.test.common.ScenarioTestBase] - BASE_URL>>>>>https://localhost:9443/
2021-02-03 18:47:13,430 INFO  [org.wso2.am.scenario.test.common.ScenarioTestBase] - SERVICE URL>>>https://localhost:9443/services/
2021-02-03 18:47:13,430 INFO  [org.wso2.am.scenario.test.common.ScenarioTestBase] - HOST>>>>>localhost
2021-02-03 18:47:13,430 INFO  [org.wso2.am.scenario.tests.common.DeploymentInitializerTestCase] - /Users/sampath/Documents/Projects/latest/latest/product-apim/product-scenarios/scenarios-common/src/test/resources/
2021-02-03 18:47:13,430 INFO  [org.wso2.am.scenario.tests.common.DeploymentInitializerTestCase] - Start deploying Web Apps
2021-02-03 18:47:13,531 WARN  [org.apache.axiom.util.stax.dialect.StAXDialectDetector] - Unable to determine dialect of the StAX implementation at jar:file:/Users/sampath/.m2/repository/org/apache/ws/commons/axiom/wso2/axiom/1.2.11-wso2v16/axiom-1.2.11-wso2v16.jar!/
2021-02-03 18:47:14,146 INFO  [org.wso2.carbon.integration.common.admin.client.AuthenticatorClient] - Login Successful
2021-02-03 18:47:14,410 INFO  [org.wso2.am.integration.test.utils.webapp.WebAppDeploymentUtil] - WEB_APP :APIStatusMonitor found
2021-02-03 18:47:14,437 INFO  [org.wso2.carbon.integration.common.admin.client.AuthenticatorClient] - Login Successful
2021-02-03 18:47:14,437 INFO  [org.wso2.am.integration.test.utils.webapp.WebAppDeploymentUtil] - waiting 90000 millis for Service deployment jaxrs_basic
2021-02-03 18:47:14,501 INFO  [org.wso2.am.integration.test.utils.webapp.WebAppDeploymentUtil] - jaxrs_basic Web Application deployed in 0 millis
2021-02-03 18:47:29,527 WARN  [org.wso2.am.scenario.test.common.ScenarioTestBase] - Deployment property file not found: null/deployment.properties
2021-02-03 18:47:29,530 INFO  [org.wso2.am.scenario.test.common.ScenarioTestBase] - BASE_URL>>>>>https://localhost:9443/
2021-02-03 18:47:29,530 INFO  [org.wso2.am.scenario.test.common.ScenarioTestBase] - SERVICE URL>>>https://localhost:9443/services/
2021-02-03 18:47:29,530 INFO  [org.wso2.am.scenario.test.common.ScenarioTestBase] - HOST>>>>>localhost
2021-02-03 18:47:29,572 WARN  [org.wso2.am.scenario.test.common.ScenarioTestBase] - Deployment property file not found: null/deployment.properties
2021-02-03 18:47:29,572 INFO  [org.wso2.am.scenario.test.common.ScenarioTestBase] - BASE_URL>>>>>https://localhost:9443/
2021-02-03 18:47:29,572 INFO  [org.wso2.am.scenario.test.common.ScenarioTestBase] - SERVICE URL>>>https://localhost:9443/services/
2021-02-03 18:47:29,572 INFO  [org.wso2.am.scenario.test.common.ScenarioTestBase] - HOST>>>>>localhost
2021-02-03 18:47:29,572 INFO  [org.wso2.am.scenario.tests.common.DeploymentInitializerTestCase] - /Users/sampath/Documents/Projects/latest/latest/product-apim/product-scenarios/scenarios-common/src/test/resources/
2021-02-03 18:47:29,572 INFO  [org.wso2.am.scenario.tests.common.DeploymentInitializerTestCase] - Start deploying Web Apps
2021-02-03 18:47:29,641 WARN  [org.apache.axiom.util.stax.dialect.StAXDialectDetector] - Unable to determine dialect of the StAX implementation at jar:file:/Users/sampath/.m2/repository/org/apache/ws/commons/axiom/wso2/axiom/1.2.11-wso2v16/axiom-1.2.11-wso2v16.jar!/
2021-02-03 18:47:30,084 INFO  [org.wso2.carbon.integration.common.admin.client.AuthenticatorClient] - Login Successful
2021-02-03 18:47:30,326 INFO  [org.wso2.am.integration.test.utils.webapp.WebAppDeploymentUtil] - WEB_APP :APIStatusMonitor found
2021-02-03 18:47:30,353 INFO  [org.wso2.carbon.integration.common.admin.client.AuthenticatorClient] - Login Successful
2021-02-03 18:47:30,353 INFO  [org.wso2.am.integration.test.utils.webapp.WebAppDeploymentUtil] - waiting 90000 millis for Service deployment jaxrs_basic
2021-02-03 18:47:30,410 INFO  [org.wso2.am.integration.test.utils.webapp.WebAppDeploymentUtil] - jaxrs_basic Web Application deployed in 0 millis
2021-02-03 18:50:27,085 WARN  [org.wso2.am.scenario.test.common.ScenarioTestBase] - Deployment property file not found: null/deployment.properties
2021-02-03 18:50:27,090 INFO  [org.wso2.am.scenario.test.common.ScenarioTestBase] - BASE_URL>>>>>https://localhost:9443/
2021-02-03 18:50:27,090 INFO  [org.wso2.am.scenario.test.common.ScenarioTestBase] - SERVICE URL>>>https://localhost:9443/services/
2021-02-03 18:50:27,090 INFO  [org.wso2.am.scenario.test.common.ScenarioTestBase] - HOST>>>>>localhost
2021-02-03 18:50:27,138 WARN  [org.wso2.am.scenario.test.common.ScenarioTestBase] - Deployment property file not found: null/deployment.properties
2021-02-03 18:50:27,138 INFO  [org.wso2.am.scenario.test.common.ScenarioTestBase] - BASE_URL>>>>>https://localhost:9443/
2021-02-03 18:50:27,138 INFO  [org.wso2.am.scenario.test.common.ScenarioTestBase] - SERVICE URL>>>https://localhost:9443/services/
2021-02-03 18:50:27,138 INFO  [org.wso2.am.scenario.test.common.ScenarioTestBase] - HOST>>>>>localhost
2021-02-03 18:50:27,138 INFO  [org.wso2.am.scenario.tests.common.DeploymentInitializerTestCase] - /Users/sampath/Documents/Projects/latest/latest/product-apim/product-scenarios/scenarios-common/src/test/resources/
2021-02-03 18:50:27,138 INFO  [org.wso2.am.scenario.tests.common.DeploymentInitializerTestCase] - Start deploying Web Apps
2021-02-03 18:50:27,242 WARN  [org.apache.axiom.util.stax.dialect.StAXDialectDetector] - Unable to determine dialect of the StAX implementation at jar:file:/Users/sampath/.m2/repository/org/apache/ws/commons/axiom/wso2/axiom/1.2.11-wso2v16/axiom-1.2.11-wso2v16.jar!/
2021-02-03 18:50:27,846 INFO  [org.wso2.carbon.integration.common.admin.client.AuthenticatorClient] - Login Successful
2021-02-03 18:50:28,110 INFO  [org.wso2.am.integration.test.utils.webapp.WebAppDeploymentUtil] - WEB_APP :APIStatusMonitor found
2021-02-03 18:50:28,135 INFO  [org.wso2.carbon.integration.common.admin.client.AuthenticatorClient] - Login Successful
2021-02-03 18:50:28,135 INFO  [org.wso2.am.integration.test.utils.webapp.WebAppDeploymentUtil] - waiting 90000 millis for Service deployment jaxrs_basic
2021-02-03 18:50:28,188 INFO  [org.wso2.am.integration.test.utils.webapp.WebAppDeploymentUtil] - jaxrs_basic Web Application deployed in 0 millis
2021-02-03 18:53:40,636 WARN  [org.wso2.am.scenario.test.common.ScenarioTestBase] - Deployment property file not found: null/deployment.properties
2021-02-03 18:53:40,640 INFO  [org.wso2.am.scenario.test.common.ScenarioTestBase] - BASE_URL>>>>>https://localhost:9443/
2021-02-03 18:53:40,640 INFO  [org.wso2.am.scenario.test.common.ScenarioTestBase] - SERVICE URL>>>https://localhost:9443/services/
2021-02-03 18:53:40,640 INFO  [org.wso2.am.scenario.test.common.ScenarioTestBase] - HOST>>>>>localhost
2021-02-03 18:53:40,689 WARN  [org.wso2.am.scenario.test.common.ScenarioTestBase] - Deployment property file not found: null/deployment.properties
2021-02-03 18:53:40,689 INFO  [org.wso2.am.scenario.test.common.ScenarioTestBase] - BASE_URL>>>>>https://localhost:9443/
2021-02-03 18:53:40,689 INFO  [org.wso2.am.scenario.test.common.ScenarioTestBase] - SERVICE URL>>>https://localhost:9443/services/
2021-02-03 18:53:40,689 INFO  [org.wso2.am.scenario.test.common.ScenarioTestBase] - HOST>>>>>localhost
2021-02-03 18:53:40,689 INFO  [org.wso2.am.scenario.tests.common.DeploymentInitializerTestCase] - /Users/sampath/Documents/Projects/latest/latest/product-apim/product-scenarios/scenarios-common/src/test/resources/
2021-02-03 18:53:40,689 INFO  [org.wso2.am.scenario.tests.common.DeploymentInitializerTestCase] - Start deploying Web Apps
2021-02-03 18:53:40,806 WARN  [org.apache.axiom.util.stax.dialect.StAXDialectDetector] - Unable to determine dialect of the StAX implementation at jar:file:/Users/sampath/.m2/repository/org/apache/ws/commons/axiom/wso2/axiom/1.2.11-wso2v16/axiom-1.2.11-wso2v16.jar!/
2021-02-03 18:53:41,472 INFO  [org.wso2.carbon.integration.common.admin.client.AuthenticatorClient] - Login Successful
2021-02-03 18:53:41,774 INFO  [org.wso2.am.integration.test.utils.webapp.WebAppDeploymentUtil] - WEB_APP :APIStatusMonitor found
2021-02-03 18:53:41,804 INFO  [org.wso2.carbon.integration.common.admin.client.AuthenticatorClient] - Login Successful
2021-02-03 18:53:41,804 INFO  [org.wso2.am.integration.test.utils.webapp.WebAppDeploymentUtil] - waiting 90000 millis for Service deployment jaxrs_basic
2021-02-03 18:53:41,862 INFO  [org.wso2.am.integration.test.utils.webapp.WebAppDeploymentUtil] - jaxrs_basic Web Application deployed in 0 millis
2021-02-05 07:15:52,112 WARN  [org.wso2.am.scenario.test.common.ScenarioTestBase] - Deployment property file not found: null/deployment.properties
2021-02-05 07:15:52,117 INFO  [org.wso2.am.scenario.test.common.ScenarioTestBase] - BASE_URL>>>>>https://localhost:9443/
2021-02-05 07:15:52,117 INFO  [org.wso2.am.scenario.test.common.ScenarioTestBase] - SERVICE URL>>>https://localhost:9443/services/
2021-02-05 07:15:52,117 INFO  [org.wso2.am.scenario.test.common.ScenarioTestBase] - HOST>>>>>localhost
2021-02-05 07:15:52,186 WARN  [org.wso2.am.scenario.test.common.ScenarioTestBase] - Deployment property file not found: null/deployment.properties
2021-02-05 07:15:52,186 INFO  [org.wso2.am.scenario.test.common.ScenarioTestBase] - BASE_URL>>>>>https://localhost:9443/
2021-02-05 07:15:52,186 INFO  [org.wso2.am.scenario.test.common.ScenarioTestBase] - SERVICE URL>>>https://localhost:9443/services/
2021-02-05 07:15:52,186 INFO  [org.wso2.am.scenario.test.common.ScenarioTestBase] - HOST>>>>>localhost
2021-02-05 07:15:52,186 INFO  [org.wso2.am.scenario.tests.common.DeploymentInitializerTestCase] - /Users/sampath/Documents/Projects/latest/latest/product-apim/product-scenarios/scenarios-common/src/test/resources/
2021-02-05 07:15:52,186 INFO  [org.wso2.am.scenario.tests.common.DeploymentInitializerTestCase] - Start deploying Web Apps
2021-02-05 07:15:52,268 WARN  [org.apache.axiom.util.stax.dialect.StAXDialectDetector] - Unable to determine dialect of the StAX implementation at jar:file:/Users/sampath/.m2/repository/org/apache/ws/commons/axiom/wso2/axiom/1.2.11-wso2v16/axiom-1.2.11-wso2v16.jar!/
2021-02-05 07:15:52,747 INFO  [org.wso2.carbon.integration.common.admin.client.AuthenticatorClient] - Login Successful
2021-02-05 07:15:53,114 INFO  [org.wso2.am.integration.test.utils.webapp.WebAppDeploymentUtil] - WEB_APP :APIStatusMonitor found
2021-02-05 07:15:53,161 INFO  [org.wso2.carbon.integration.common.admin.client.AuthenticatorClient] - Login Successful
2021-02-05 07:15:53,161 INFO  [org.wso2.am.integration.test.utils.webapp.WebAppDeploymentUtil] - waiting 90000 millis for Service deployment jaxrs_basic
2021-02-05 07:15:53,243 INFO  [org.wso2.am.integration.test.utils.webapp.WebAppDeploymentUtil] - jaxrs_basic Web Application deployed in 0 millis
2021-02-05 09:17:57,245 WARN  [org.wso2.am.scenario.test.common.ScenarioTestBase] - Deployment property file not found: null/deployment.properties
2021-02-05 09:17:57,249 INFO  [org.wso2.am.scenario.test.common.ScenarioTestBase] - BASE_URL>>>>>https://localhost:9443/
2021-02-05 09:17:57,249 INFO  [org.wso2.am.scenario.test.common.ScenarioTestBase] - SERVICE URL>>>https://localhost:9443/services/
2021-02-05 09:17:57,249 INFO  [org.wso2.am.scenario.test.common.ScenarioTestBase] - HOST>>>>>localhost
2021-02-05 09:17:57,298 WARN  [org.wso2.am.scenario.test.common.ScenarioTestBase] - Deployment property file not found: null/deployment.properties
2021-02-05 09:17:57,299 INFO  [org.wso2.am.scenario.test.common.ScenarioTestBase] - BASE_URL>>>>>https://localhost:9443/
2021-02-05 09:17:57,299 INFO  [org.wso2.am.scenario.test.common.ScenarioTestBase] - SERVICE URL>>>https://localhost:9443/services/
2021-02-05 09:17:57,299 INFO  [org.wso2.am.scenario.test.common.ScenarioTestBase] - HOST>>>>>localhost
2021-02-05 09:17:57,299 INFO  [org.wso2.am.scenario.tests.common.DeploymentInitializerTestCase] - /Users/sampath/Documents/Projects/latest/latest/product-apim/product-scenarios/scenarios-common/src/test/resources/
2021-02-05 09:17:57,299 INFO  [org.wso2.am.scenario.tests.common.DeploymentInitializerTestCase] - Start deploying Web Apps
2021-02-05 09:17:57,416 WARN  [org.apache.axiom.util.stax.dialect.StAXDialectDetector] - Unable to determine dialect of the StAX implementation at jar:file:/Users/sampath/.m2/repository/org/apache/ws/commons/axiom/wso2/axiom/1.2.11-wso2v16/axiom-1.2.11-wso2v16.jar!/
2021-02-05 09:17:58,056 INFO  [org.wso2.carbon.integration.common.admin.client.AuthenticatorClient] - Login Successful
2021-02-05 09:18:06,065 INFO  [org.wso2.am.integration.test.utils.webapp.WebAppDeploymentUtil] - WEB_APP :APIStatusMonitor found
2021-02-05 09:18:06,095 INFO  [org.wso2.carbon.integration.common.admin.client.AuthenticatorClient] - Login Successful
2021-02-05 09:18:06,096 INFO  [org.wso2.am.integration.test.utils.webapp.WebAppDeploymentUtil] - waiting 90000 millis for Service deployment jaxrs_basic
2021-02-05 09:18:23,251 INFO  [org.wso2.am.integration.test.utils.webapp.WebAppDeploymentUtil] - jaxrs_basic Web Application deployed in 17121 millis
2021-02-05 09:21:52,823 WARN  [org.wso2.am.scenario.test.common.ScenarioTestBase] - Deployment property file not found: null/deployment.properties
2021-02-05 09:21:52,826 INFO  [org.wso2.am.scenario.test.common.ScenarioTestBase] - BASE_URL>>>>>https://localhost:9443/
2021-02-05 09:21:52,827 INFO  [org.wso2.am.scenario.test.common.ScenarioTestBase] - SERVICE URL>>>https://localhost:9443/services/
2021-02-05 09:21:52,827 INFO  [org.wso2.am.scenario.test.common.ScenarioTestBase] - HOST>>>>>localhost
2021-02-05 09:21:52,874 WARN  [org.wso2.am.scenario.test.common.ScenarioTestBase] - Deployment property file not found: null/deployment.properties
2021-02-05 09:21:52,874 INFO  [org.wso2.am.scenario.test.common.ScenarioTestBase] - BASE_URL>>>>>https://localhost:9443/
2021-02-05 09:21:52,874 INFO  [org.wso2.am.scenario.test.common.ScenarioTestBase] - SERVICE URL>>>https://localhost:9443/services/
2021-02-05 09:21:52,874 INFO  [org.wso2.am.scenario.test.common.ScenarioTestBase] - HOST>>>>>localhost
2021-02-05 09:21:52,874 INFO  [org.wso2.am.scenario.tests.common.DeploymentInitializerTestCase] - /Users/sampath/Documents/Projects/latest/latest/product-apim/product-scenarios/scenarios-common/src/test/resources/
2021-02-05 09:21:52,875 INFO  [org.wso2.am.scenario.tests.common.DeploymentInitializerTestCase] - Start deploying Web Apps
2021-02-05 09:21:52,950 WARN  [org.apache.axiom.util.stax.dialect.StAXDialectDetector] - Unable to determine dialect of the StAX implementation at jar:file:/Users/sampath/.m2/repository/org/apache/ws/commons/axiom/wso2/axiom/1.2.11-wso2v16/axiom-1.2.11-wso2v16.jar!/
2021-02-05 09:21:53,459 INFO  [org.wso2.carbon.integration.common.admin.client.AuthenticatorClient] - Login Successful
2021-02-05 09:21:53,573 INFO  [org.wso2.am.integration.test.utils.webapp.WebAppDeploymentUtil] - WEB_APP :APIStatusMonitor found
2021-02-05 09:21:53,600 INFO  [org.wso2.carbon.integration.common.admin.client.AuthenticatorClient] - Login Successful
2021-02-05 09:21:53,600 INFO  [org.wso2.am.integration.test.utils.webapp.WebAppDeploymentUtil] - waiting 90000 millis for Service deployment jaxrs_basic
2021-02-05 09:21:53,680 INFO  [org.wso2.am.integration.test.utils.webapp.WebAppDeploymentUtil] - jaxrs_basic Web Application deployed in 0 millis
2021-02-05 09:24:44,178 WARN  [org.wso2.am.scenario.test.common.ScenarioTestBase] - Deployment property file not found: null/deployment.properties
2021-02-05 09:24:44,182 INFO  [org.wso2.am.scenario.test.common.ScenarioTestBase] - BASE_URL>>>>>https://localhost:9443/
2021-02-05 09:24:44,182 INFO  [org.wso2.am.scenario.test.common.ScenarioTestBase] - SERVICE URL>>>https://localhost:9443/services/
2021-02-05 09:24:44,182 INFO  [org.wso2.am.scenario.test.common.ScenarioTestBase] - HOST>>>>>localhost
2021-02-05 09:24:44,226 WARN  [org.wso2.am.scenario.test.common.ScenarioTestBase] - Deployment property file not found: null/deployment.properties
2021-02-05 09:24:44,226 INFO  [org.wso2.am.scenario.test.common.ScenarioTestBase] - BASE_URL>>>>>https://localhost:9443/
2021-02-05 09:24:44,226 INFO  [org.wso2.am.scenario.test.common.ScenarioTestBase] - SERVICE URL>>>https://localhost:9443/services/
2021-02-05 09:24:44,226 INFO  [org.wso2.am.scenario.test.common.ScenarioTestBase] - HOST>>>>>localhost
2021-02-05 09:24:44,226 INFO  [org.wso2.am.scenario.tests.common.DeploymentInitializerTestCase] - /Users/sampath/Documents/Projects/latest/latest/product-apim/product-scenarios/scenarios-common/src/test/resources/
2021-02-05 09:24:44,226 INFO  [org.wso2.am.scenario.tests.common.DeploymentInitializerTestCase] - Start deploying Web Apps
2021-02-05 09:24:44,295 WARN  [org.apache.axiom.util.stax.dialect.StAXDialectDetector] - Unable to determine dialect of the StAX implementation at jar:file:/Users/sampath/.m2/repository/org/apache/ws/commons/axiom/wso2/axiom/1.2.11-wso2v16/axiom-1.2.11-wso2v16.jar!/
2021-02-05 09:24:44,846 INFO  [org.wso2.carbon.integration.common.admin.client.AuthenticatorClient] - Login Successful
2021-02-05 09:24:45,107 INFO  [org.wso2.am.integration.test.utils.webapp.WebAppDeploymentUtil] - WEB_APP :APIStatusMonitor found
2021-02-05 09:24:45,138 INFO  [org.wso2.carbon.integration.common.admin.client.AuthenticatorClient] - Login Successful
2021-02-05 09:24:45,138 INFO  [org.wso2.am.integration.test.utils.webapp.WebAppDeploymentUtil] - waiting 90000 millis for Service deployment jaxrs_basic
2021-02-05 09:24:45,194 INFO  [org.wso2.am.integration.test.utils.webapp.WebAppDeploymentUtil] - jaxrs_basic Web Application deployed in 0 millis
2021-02-05 09:39:44,516 WARN  [org.wso2.am.scenario.test.common.ScenarioTestBase] - Deployment property file not found: null/deployment.properties
2021-02-05 09:39:44,521 INFO  [org.wso2.am.scenario.test.common.ScenarioTestBase] - BASE_URL>>>>>https://localhost:9443/
2021-02-05 09:39:44,521 INFO  [org.wso2.am.scenario.test.common.ScenarioTestBase] - SERVICE URL>>>https://localhost:9443/services/
2021-02-05 09:39:44,521 INFO  [org.wso2.am.scenario.test.common.ScenarioTestBase] - HOST>>>>>localhost
2021-02-05 09:39:44,569 WARN  [org.wso2.am.scenario.test.common.ScenarioTestBase] - Deployment property file not found: null/deployment.properties
2021-02-05 09:39:44,569 INFO  [org.wso2.am.scenario.test.common.ScenarioTestBase] - BASE_URL>>>>>https://localhost:9443/
2021-02-05 09:39:44,569 INFO  [org.wso2.am.scenario.test.common.ScenarioTestBase] - SERVICE URL>>>https://localhost:9443/services/
2021-02-05 09:39:44,569 INFO  [org.wso2.am.scenario.test.common.ScenarioTestBase] - HOST>>>>>localhost
2021-02-05 09:39:44,569 INFO  [org.wso2.am.scenario.tests.common.DeploymentInitializerTestCase] - /Users/sampath/Documents/Projects/latest/latest/product-apim/product-scenarios/scenarios-common/src/test/resources/
2021-02-05 09:39:44,569 INFO  [org.wso2.am.scenario.tests.common.DeploymentInitializerTestCase] - Start deploying Web Apps
2021-02-05 09:39:44,652 WARN  [org.apache.axiom.util.stax.dialect.StAXDialectDetector] - Unable to determine dialect of the StAX implementation at jar:file:/Users/sampath/.m2/repository/org/apache/ws/commons/axiom/wso2/axiom/1.2.11-wso2v16/axiom-1.2.11-wso2v16.jar!/
2021-02-05 09:39:45,211 INFO  [org.wso2.carbon.integration.common.admin.client.AuthenticatorClient] - Login Successful
2021-02-05 09:39:45,511 INFO  [org.wso2.am.integration.test.utils.webapp.WebAppDeploymentUtil] - WEB_APP :APIStatusMonitor found
2021-02-05 09:39:45,542 INFO  [org.wso2.carbon.integration.common.admin.client.AuthenticatorClient] - Login Successful
2021-02-05 09:39:45,542 INFO  [org.wso2.am.integration.test.utils.webapp.WebAppDeploymentUtil] - waiting 90000 millis for Service deployment jaxrs_basic
2021-02-05 09:39:45,621 INFO  [org.wso2.am.integration.test.utils.webapp.WebAppDeploymentUtil] - jaxrs_basic Web Application deployed in 0 millis
2021-02-05 09:39:58,955 WARN  [org.wso2.am.scenario.test.common.ScenarioTestBase] - Deployment property file not found: null/deployment.properties
2021-02-05 09:39:58,959 INFO  [org.wso2.am.scenario.test.common.ScenarioTestBase] - BASE_URL>>>>>https://localhost:9443/
2021-02-05 09:39:58,959 INFO  [org.wso2.am.scenario.test.common.ScenarioTestBase] - SERVICE URL>>>https://localhost:9443/services/
2021-02-05 09:39:58,959 INFO  [org.wso2.am.scenario.test.common.ScenarioTestBase] - HOST>>>>>localhost
2021-02-05 09:39:59,002 WARN  [org.wso2.am.scenario.test.common.ScenarioTestBase] - Deployment property file not found: null/deployment.properties
2021-02-05 09:39:59,002 INFO  [org.wso2.am.scenario.test.common.ScenarioTestBase] - BASE_URL>>>>>https://localhost:9443/
2021-02-05 09:39:59,002 INFO  [org.wso2.am.scenario.test.common.ScenarioTestBase] - SERVICE URL>>>https://localhost:9443/services/
2021-02-05 09:39:59,002 INFO  [org.wso2.am.scenario.test.common.ScenarioTestBase] - HOST>>>>>localhost
2021-02-05 09:39:59,002 INFO  [org.wso2.am.scenario.tests.common.DeploymentInitializerTestCase] - /Users/sampath/Documents/Projects/latest/latest/product-apim/product-scenarios/scenarios-common/src/test/resources/
2021-02-05 09:39:59,002 INFO  [org.wso2.am.scenario.tests.common.DeploymentInitializerTestCase] - Start deploying Web Apps
2021-02-05 09:39:59,077 WARN  [org.apache.axiom.util.stax.dialect.StAXDialectDetector] - Unable to determine dialect of the StAX implementation at jar:file:/Users/sampath/.m2/repository/org/apache/ws/commons/axiom/wso2/axiom/1.2.11-wso2v16/axiom-1.2.11-wso2v16.jar!/
2021-02-05 09:39:59,551 INFO  [org.wso2.carbon.integration.common.admin.client.AuthenticatorClient] - Login Successful
2021-02-05 09:39:59,802 INFO  [org.wso2.am.integration.test.utils.webapp.WebAppDeploymentUtil] - WEB_APP :APIStatusMonitor found
2021-02-05 09:39:59,830 INFO  [org.wso2.carbon.integration.common.admin.client.AuthenticatorClient] - Login Successful
2021-02-05 09:39:59,830 INFO  [org.wso2.am.integration.test.utils.webapp.WebAppDeploymentUtil] - waiting 90000 millis for Service deployment jaxrs_basic
2021-02-05 09:39:59,881 INFO  [org.wso2.am.integration.test.utils.webapp.WebAppDeploymentUtil] - jaxrs_basic Web Application deployed in 0 millis
2021-02-05 09:41:47,614 WARN  [org.wso2.am.scenario.test.common.ScenarioTestBase] - Deployment property file not found: null/deployment.properties
2021-02-05 09:41:47,618 INFO  [org.wso2.am.scenario.test.common.ScenarioTestBase] - BASE_URL>>>>>https://localhost:9443/
2021-02-05 09:41:47,618 INFO  [org.wso2.am.scenario.test.common.ScenarioTestBase] - SERVICE URL>>>https://localhost:9443/services/
2021-02-05 09:41:47,618 INFO  [org.wso2.am.scenario.test.common.ScenarioTestBase] - HOST>>>>>localhost
2021-02-05 09:41:47,665 WARN  [org.wso2.am.scenario.test.common.ScenarioTestBase] - Deployment property file not found: null/deployment.properties
2021-02-05 09:41:47,665 INFO  [org.wso2.am.scenario.test.common.ScenarioTestBase] - BASE_URL>>>>>https://localhost:9443/
2021-02-05 09:41:47,665 INFO  [org.wso2.am.scenario.test.common.ScenarioTestBase] - SERVICE URL>>>https://localhost:9443/services/
2021-02-05 09:41:47,665 INFO  [org.wso2.am.scenario.test.common.ScenarioTestBase] - HOST>>>>>localhost
2021-02-05 09:41:47,666 INFO  [org.wso2.am.scenario.tests.common.DeploymentInitializerTestCase] - /Users/sampath/Documents/Projects/latest/latest/product-apim/product-scenarios/scenarios-common/src/test/resources/
2021-02-05 09:41:47,666 INFO  [org.wso2.am.scenario.tests.common.DeploymentInitializerTestCase] - Start deploying Web Apps
2021-02-05 09:41:47,781 WARN  [org.apache.axiom.util.stax.dialect.StAXDialectDetector] - Unable to determine dialect of the StAX implementation at jar:file:/Users/sampath/.m2/repository/org/apache/ws/commons/axiom/wso2/axiom/1.2.11-wso2v16/axiom-1.2.11-wso2v16.jar!/
2021-02-05 09:41:48,388 INFO  [org.wso2.carbon.integration.common.admin.client.AuthenticatorClient] - Login Successful
2021-02-05 09:41:48,652 INFO  [org.wso2.am.integration.test.utils.webapp.WebAppDeploymentUtil] - WEB_APP :APIStatusMonitor found
2021-02-05 09:41:48,679 INFO  [org.wso2.carbon.integration.common.admin.client.AuthenticatorClient] - Login Successful
2021-02-05 09:41:48,679 INFO  [org.wso2.am.integration.test.utils.webapp.WebAppDeploymentUtil] - waiting 90000 millis for Service deployment jaxrs_basic
2021-02-05 09:41:48,741 INFO  [org.wso2.am.integration.test.utils.webapp.WebAppDeploymentUtil] - jaxrs_basic Web Application deployed in 0 millis
2021-02-05 09:42:01,751 WARN  [org.wso2.am.scenario.test.common.ScenarioTestBase] - Deployment property file not found: null/deployment.properties
2021-02-05 09:42:01,755 INFO  [org.wso2.am.scenario.test.common.ScenarioTestBase] - BASE_URL>>>>>https://localhost:9443/
2021-02-05 09:42:01,755 INFO  [org.wso2.am.scenario.test.common.ScenarioTestBase] - SERVICE URL>>>https://localhost:9443/services/
2021-02-05 09:42:01,755 INFO  [org.wso2.am.scenario.test.common.ScenarioTestBase] - HOST>>>>>localhost
2021-02-05 09:42:01,803 WARN  [org.wso2.am.scenario.test.common.ScenarioTestBase] - Deployment property file not found: null/deployment.properties
2021-02-05 09:42:01,803 INFO  [org.wso2.am.scenario.test.common.ScenarioTestBase] - BASE_URL>>>>>https://localhost:9443/
2021-02-05 09:42:01,803 INFO  [org.wso2.am.scenario.test.common.ScenarioTestBase] - SERVICE URL>>>https://localhost:9443/services/
2021-02-05 09:42:01,803 INFO  [org.wso2.am.scenario.test.common.ScenarioTestBase] - HOST>>>>>localhost
2021-02-05 09:42:01,803 INFO  [org.wso2.am.scenario.tests.common.DeploymentInitializerTestCase] - /Users/sampath/Documents/Projects/latest/latest/product-apim/product-scenarios/scenarios-common/src/test/resources/
2021-02-05 09:42:01,803 INFO  [org.wso2.am.scenario.tests.common.DeploymentInitializerTestCase] - Start deploying Web Apps
2021-02-05 09:42:01,887 WARN  [org.apache.axiom.util.stax.dialect.StAXDialectDetector] - Unable to determine dialect of the StAX implementation at jar:file:/Users/sampath/.m2/repository/org/apache/ws/commons/axiom/wso2/axiom/1.2.11-wso2v16/axiom-1.2.11-wso2v16.jar!/
2021-02-05 09:42:02,394 INFO  [org.wso2.carbon.integration.common.admin.client.AuthenticatorClient] - Login Successful
2021-02-05 09:42:02,673 INFO  [org.wso2.am.integration.test.utils.webapp.WebAppDeploymentUtil] - WEB_APP :APIStatusMonitor found
2021-02-05 09:42:02,704 INFO  [org.wso2.carbon.integration.common.admin.client.AuthenticatorClient] - Login Successful
2021-02-05 09:42:02,704 INFO  [org.wso2.am.integration.test.utils.webapp.WebAppDeploymentUtil] - waiting 90000 millis for Service deployment jaxrs_basic
2021-02-05 09:42:02,764 INFO  [org.wso2.am.integration.test.utils.webapp.WebAppDeploymentUtil] - jaxrs_basic Web Application deployed in 0 millis
2021-02-05 09:43:01,188 WARN  [org.wso2.am.scenario.test.common.ScenarioTestBase] - Deployment property file not found: null/deployment.properties
2021-02-05 09:43:01,192 INFO  [org.wso2.am.scenario.test.common.ScenarioTestBase] - BASE_URL>>>>>https://localhost:9443/
2021-02-05 09:43:01,193 INFO  [org.wso2.am.scenario.test.common.ScenarioTestBase] - SERVICE URL>>>https://localhost:9443/services/
2021-02-05 09:43:01,193 INFO  [org.wso2.am.scenario.test.common.ScenarioTestBase] - HOST>>>>>localhost
2021-02-05 09:43:01,307 WARN  [org.wso2.am.scenario.test.common.ScenarioTestBase] - Deployment property file not found: null/deployment.properties
2021-02-05 09:43:01,308 INFO  [org.wso2.am.scenario.test.common.ScenarioTestBase] - BASE_URL>>>>>https://localhost:9443/
2021-02-05 09:43:01,308 INFO  [org.wso2.am.scenario.test.common.ScenarioTestBase] - SERVICE URL>>>https://localhost:9443/services/
2021-02-05 09:43:01,308 INFO  [org.wso2.am.scenario.test.common.ScenarioTestBase] - HOST>>>>>localhost
2021-02-05 09:43:01,308 INFO  [org.wso2.am.scenario.tests.common.DeploymentInitializerTestCase] - /Users/sampath/Documents/Projects/latest/latest/product-apim/product-scenarios/scenarios-common/src/test/resources/
2021-02-05 09:43:01,309 INFO  [org.wso2.am.scenario.tests.common.DeploymentInitializerTestCase] - Start deploying Web Apps
2021-02-05 09:43:01,430 WARN  [org.apache.axiom.util.stax.dialect.StAXDialectDetector] - Unable to determine dialect of the StAX implementation at jar:file:/Users/sampath/.m2/repository/org/apache/ws/commons/axiom/wso2/axiom/1.2.11-wso2v16/axiom-1.2.11-wso2v16.jar!/
2021-02-05 09:43:02,206 INFO  [org.wso2.carbon.integration.common.admin.client.AuthenticatorClient] - Login Successful
2021-02-05 09:43:02,488 INFO  [org.wso2.am.integration.test.utils.webapp.WebAppDeploymentUtil] - WEB_APP :APIStatusMonitor found
2021-02-05 09:43:02,539 INFO  [org.wso2.carbon.integration.common.admin.client.AuthenticatorClient] - Login Successful
2021-02-05 09:43:02,539 INFO  [org.wso2.am.integration.test.utils.webapp.WebAppDeploymentUtil] - waiting 90000 millis for Service deployment jaxrs_basic
2021-02-05 09:43:02,636 INFO  [org.wso2.am.integration.test.utils.webapp.WebAppDeploymentUtil] - jaxrs_basic Web Application deployed in 0 millis
2021-02-05 10:19:20,241 WARN  [org.wso2.am.scenario.test.common.ScenarioTestBase] - Deployment property file not found: null/deployment.properties
2021-02-05 10:19:20,246 INFO  [org.wso2.am.scenario.test.common.ScenarioTestBase] - BASE_URL>>>>>https://localhost:9443/
2021-02-05 10:19:20,246 INFO  [org.wso2.am.scenario.test.common.ScenarioTestBase] - SERVICE URL>>>https://localhost:9443/services/
2021-02-05 10:19:20,246 INFO  [org.wso2.am.scenario.test.common.ScenarioTestBase] - HOST>>>>>localhost
2021-02-05 10:19:20,298 WARN  [org.wso2.am.scenario.test.common.ScenarioTestBase] - Deployment property file not found: null/deployment.properties
2021-02-05 10:19:20,298 INFO  [org.wso2.am.scenario.test.common.ScenarioTestBase] - BASE_URL>>>>>https://localhost:9443/
2021-02-05 10:19:20,298 INFO  [org.wso2.am.scenario.test.common.ScenarioTestBase] - SERVICE URL>>>https://localhost:9443/services/
2021-02-05 10:19:20,298 INFO  [org.wso2.am.scenario.test.common.ScenarioTestBase] - HOST>>>>>localhost
2021-02-05 10:19:20,298 INFO  [org.wso2.am.scenario.tests.common.DeploymentInitializerTestCase] - /Users/sampath/Documents/Projects/latest/latest/product-apim/product-scenarios/scenarios-common/src/test/resources/
2021-02-05 10:19:20,298 INFO  [org.wso2.am.scenario.tests.common.DeploymentInitializerTestCase] - Start deploying Web Apps
2021-02-05 10:19:20,399 WARN  [org.apache.axiom.util.stax.dialect.StAXDialectDetector] - Unable to determine dialect of the StAX implementation at jar:file:/Users/sampath/.m2/repository/org/apache/ws/commons/axiom/wso2/axiom/1.2.11-wso2v16/axiom-1.2.11-wso2v16.jar!/
2021-02-05 10:19:21,198 INFO  [org.wso2.carbon.integration.common.admin.client.AuthenticatorClient] - Login Successful
2021-02-05 10:19:21,583 INFO  [org.wso2.am.integration.test.utils.webapp.WebAppDeploymentUtil] - WEB_APP :APIStatusMonitor found
2021-02-05 10:19:21,617 INFO  [org.wso2.carbon.integration.common.admin.client.AuthenticatorClient] - Login Successful
2021-02-05 10:19:21,618 INFO  [org.wso2.am.integration.test.utils.webapp.WebAppDeploymentUtil] - waiting 90000 millis for Service deployment jaxrs_basic
2021-02-05 10:19:21,685 INFO  [org.wso2.am.integration.test.utils.webapp.WebAppDeploymentUtil] - jaxrs_basic Web Application deployed in 0 millis
